<?xml version="1.0" encoding="UTF-8"?>
<coverage generated="1713752358423" clover="3.2.0">
  <project timestamp="1713752358423" name="All files">
    <metrics statements="29" coveredstatements="18" conditionals="14" coveredconditionals="8" methods="7" coveredmethods="3" elements="50" coveredelements="29" complexity="0" loc="29" ncloc="29" packages="1" files="3" classes="3"/>
    <file name="index.js" path="/home/josetvictor/source/metodo-tajs/modulo03-conceitos-tajs/aula06-e2e-tests/src/index.js">
      <metrics statements="4" coveredstatements="1" conditionals="2" coveredconditionals="1" methods="1" coveredmethods="0"/>
      <line num="3" count="1" type="cond" truecount="1" falsecount="1"/>
      <line num="4" count="0" type="stmt"/>
      <line num="5" count="0" type="stmt"/>
      <line num="6" count="0" type="stmt"/>
    </file>
    <file name="person.js" path="/home/josetvictor/source/metodo-tajs/modulo03-conceitos-tajs/aula06-e2e-tests/src/person.js">
      <metrics statements="10" coveredstatements="3" conditionals="6" coveredconditionals="2" methods="5" coveredmethods="2"/>
      <line num="3" count="1" type="cond" truecount="1" falsecount="1"/>
      <line num="4" count="1" type="cond" truecount="1" falsecount="1"/>
      <line num="8" count="0" type="stmt"/>
      <line num="9" count="0" type="stmt"/>
      <line num="17" count="0" type="cond" truecount="0" falsecount="2"/>
      <line num="18" count="0" type="stmt"/>
      <line num="22" count="0" type="stmt"/>
      <line num="26" count="1" type="stmt"/>
      <line num="27" count="0" type="stmt"/>
      <line num="28" count="0" type="stmt"/>
    </file>
    <file name="server.js" path="/home/josetvictor/source/metodo-tajs/modulo03-conceitos-tajs/aula06-e2e-tests/src/server.js">
      <metrics statements="15" coveredstatements="14" conditionals="6" coveredconditionals="5" methods="1" coveredmethods="1"/>
      <line num="5" count="1" type="stmt"/>
      <line num="6" count="2" type="cond" truecount="4" falsecount="0"/>
      <line num="7" count="1" type="stmt"/>
      <line num="8" count="1" type="stmt"/>
      <line num="9" count="1" type="stmt"/>
      <line num="12" count="1" type="stmt"/>
      <line num="13" count="1" type="stmt"/>
      <line num="14" count="1" type="stmt"/>
      <line num="16" count="0" type="stmt"/>
      <line num="18" count="1" type="cond" truecount="1" falsecount="1"/>
      <line num="19" count="1" type="stmt"/>
      <line num="20" count="1" type="stmt"/>
      <line num="24" count="1" type="stmt"/>
      <line num="25" count="1" type="stmt"/>
      <line num="26" count="1" type="stmt"/>
    </file>
  </project>
</coverage>
