<?xml version="1.0" encoding="UTF-8"?>
<coverage generated="1713743737992" clover="3.2.0">
  <project timestamp="1713743737992" name="All files">
    <metrics statements="15" coveredstatements="12" conditionals="4" coveredconditionals="3" methods="4" coveredmethods="4" elements="23" coveredelements="19" complexity="0" loc="15" ncloc="15" packages="1" files="2" classes="2"/>
    <file name="person.js" path="/home/josetvictor/source/metodo-tajs/modulo03-conceitos-tajs/aula05-code-coverage/src/person.js">
      <metrics statements="2" coveredstatements="2" conditionals="0" coveredconditionals="0" methods="1" coveredmethods="1"/>
      <line num="2" count="3" type="stmt"/>
      <line num="4" count="2" type="stmt"/>
    </file>
    <file name="tasks.js" path="/home/josetvictor/source/metodo-tajs/modulo03-conceitos-tajs/aula05-code-coverage/src/tasks.js">
      <metrics statements="13" coveredstatements="10" conditionals="4" coveredconditionals="3" methods="3" coveredmethods="3"/>
      <line num="2" count="1" type="stmt"/>
      <line num="4" count="2" type="stmt"/>
      <line num="6" count="2" type="stmt"/>
      <line num="10" count="1" type="stmt"/>
      <line num="11" count="50" type="cond" truecount="1" falsecount="1"/>
      <line num="12" count="0" type="stmt"/>
      <line num="13" count="0" type="stmt"/>
      <line num="14" count="0" type="stmt"/>
      <line num="17" count="50" type="stmt"/>
      <line num="19" count="50" type="stmt"/>
      <line num="20" count="75" type="cond" truecount="2" falsecount="0"/>
      <line num="21" count="2" type="stmt"/>
      <line num="22" count="2" type="stmt"/>
    </file>
  </project>
</coverage>
