{"/home/josetvictor/source/metodo-tajs/modulo03-conceitos-tajs/aula05-code-coverage/src/person.js": {"path":"/home/josetvictor/source/metodo-tajs/modulo03-conceitos-tajs/aula05-code-coverage/src/person.js","statementMap":{"0":{"start":{"line":2,"column":24},"end":{"line":2,"column":45}},"1":{"start":{"line":4,"column":2},"end":{"line":8,"column":3}}},"fnMap":{"0":{"name":"mapPerson","decl":{"start":{"line":1,"column":24},"end":{"line":1,"column":33}},"loc":{"start":{"line":1,"column":44},"end":{"line":9,"column":1}},"line":1}},"branchMap":{},"s":{"0":3,"1":2},"f":{"0":3},"b":{},"_coverageSchema":"1a1c01bbd47fc00a2c39e90264f33305004495a9","hash":"91cf21dcf490346e7e135058956d0a6f3001f401"}
,"/home/josetvictor/source/metodo-tajs/modulo03-conceitos-tajs/aula05-code-coverage/src/tasks.js": {"path":"/home/josetvictor/source/metodo-tajs/modulo03-conceitos-tajs/aula05-code-coverage/src/tasks.js","statementMap":{"0":{"start":{"line":2,"column":11},"end":{"line":2,"column":20}},"1":{"start":{"line":4,"column":4},"end":{"line":4,"column":86}},"2":{"start":{"line":6,"column":4},"end":{"line":6,"column":38}},"3":{"start":{"line":10,"column":23},"end":{"line":25,"column":15}},"4":{"start":{"line":11,"column":6},"end":{"line":15,"column":7}},"5":{"start":{"line":12,"column":8},"end":{"line":12,"column":38}},"6":{"start":{"line":13,"column":8},"end":{"line":13,"column":33}},"7":{"start":{"line":14,"column":8},"end":{"line":14,"column":15}},"8":{"start":{"line":17,"column":18},"end":{"line":17,"column":28}},"9":{"start":{"line":19,"column":6},"end":{"line":24,"column":7}},"10":{"start":{"line":20,"column":8},"end":{"line":23,"column":9}},"11":{"start":{"line":21,"column":10},"end":{"line":21,"column":19}},"12":{"start":{"line":22,"column":10},"end":{"line":22,"column":34}}},"fnMap":{"0":{"name":"(anonymous_0)","decl":{"start":{"line":3,"column":2},"end":{"line":3,"column":3}},"loc":{"start":{"line":3,"column":25},"end":{"line":7,"column":3}},"line":3},"1":{"name":"(anonymous_1)","decl":{"start":{"line":9,"column":2},"end":{"line":9,"column":3}},"loc":{"start":{"line":9,"column":14},"end":{"line":26,"column":3}},"line":9},"2":{"name":"(anonymous_2)","decl":{"start":{"line":10,"column":35},"end":{"line":10,"column":36}},"loc":{"start":{"line":10,"column":41},"end":{"line":25,"column":5}},"line":10}},"branchMap":{"0":{"loc":{"start":{"line":11,"column":6},"end":{"line":15,"column":7}},"type":"if","locations":[{"start":{"line":11,"column":6},"end":{"line":15,"column":7}},{"start":{},"end":{}}],"line":11},"1":{"loc":{"start":{"line":20,"column":8},"end":{"line":23,"column":9}},"type":"if","locations":[{"start":{"line":20,"column":8},"end":{"line":23,"column":9}},{"start":{},"end":{}}],"line":20}},"s":{"0":1,"1":2,"2":2,"3":1,"4":50,"5":0,"6":0,"7":0,"8":50,"9":50,"10":75,"11":2,"12":2},"f":{"0":2,"1":1,"2":50},"b":{"0":[0,50],"1":[2,73]},"_coverageSchema":"1a1c01bbd47fc00a2c39e90264f33305004495a9","hash":"f5c604acd0df4e98ba579f1f91f8907891a793b0"}
}
